[debug] [2021-03-11T15:28:46.972Z] ----------------------------------------------------------------------
[debug] [2021-03-11T15:28:46.974Z] Command:       C:\Program Files\nodejs\node.exe C:\Users\Chris\AppData\Roaming\npm\node_modules\firebase-tools\lib\bin\firebase.js init
[debug] [2021-03-11T15:28:46.974Z] CLI Version:   9.6.0
[debug] [2021-03-11T15:28:46.974Z] Platform:      win32
[debug] [2021-03-11T15:28:46.975Z] Node Version:  v14.6.0
[debug] [2021-03-11T15:28:46.975Z] Time:          Thu Mar 11 2021 09:28:46 GMT-0600 (Central Standard Time)
[debug] [2021-03-11T15:28:46.976Z] ----------------------------------------------------------------------
[debug] [2021-03-11T15:28:46.976Z] 
[debug] [2021-03-11T15:28:46.981Z] > command requires scopes: ["email","openid","https://www.googleapis.com/auth/cloudplatformprojects.readonly","https://www.googleapis.com/auth/firebase","https://www.googleapis.com/auth/cloud-platform"]
[debug] [2021-03-11T15:28:46.982Z] > authorizing via signed-in user
[info] 
     ######## #### ########  ######## ########     ###     ######  ########
     ##        ##  ##     ## ##       ##     ##  ##   ##  ##       ##
     ######    ##  ########  ######   ########  #########  ######  ######
     ##        ##  ##    ##  ##       ##     ## ##     ##       ## ##
     ##       #### ##     ## ######## ########  ##     ##  ######  ########

You're about to initialize a Firebase project in this directory:

  C:\Users\Chris\devFolder\get-paid-app-firestore-version

[info] 
=== Project Setup
[info] 
[info] First, let's associate this project directory with a Firebase project.
[info] You can create multiple project aliases by running firebase use --add, 
[info] but for now we'll just set up a default project.
[info] 
[debug] [2021-03-11T15:28:59.460Z] >>> [apiv2][query] GET https://firebase.googleapis.com/v1beta1/projects pageSize=100
[debug] [2021-03-11T15:29:00.797Z] <<< [apiv2][status] GET https://firebase.googleapis.com/v1beta1/projects 200
[debug] [2021-03-11T15:29:00.797Z] <<< [apiv2][body] GET https://firebase.googleapis.com/v1beta1/projects [omitted]
[info] i  Using project aca-capstone-app (ACA-Capstone-App) 
[info] 
=== Hosting Setup
[info] 
[info] Your public directory is the folder (relative to your project directory) that
[info] will contain Hosting assets to be uploaded with firebase deploy. If you
[info] have a build process for your assets, use your build's output directory.
[info] 
